{
  "RSpec": {
    "coverage": {
      "/Users/nevermore/Code/project3/StartupAssist/app/models/canva.rb": [
        1,
        1,
        1,
        null
      ],
      "/Users/nevermore/Code/project3/StartupAssist/app/models/tag.rb": [
        1,
        1,
        null,
        1,
        1,
        null
      ],
      "/Users/nevermore/Code/project3/StartupAssist/app/controllers/registrations_controller.rb": [
        1,
        1,
        null,
        1,
        0,
        null,
        null,
        null
      ],
      "/Users/nevermore/Code/project3/StartupAssist/app/controllers/application_controller.rb": [
        1,
        null,
        null,
        1,
        null
      ]
    },
    "timestamp": 1397517992
  }
}
